<?xml version="1.0" encoding="UTF-8"?>
<!-- Generated by org.testng.reporters.JUnitReportReporter -->
<testsuite hostname="School-Laptop" failures="0" tests="2" name="com.dvops.ecommerse_app.eclipse.NewTest" time="1.506" errors="0" timestamp="2023-02-03T23:32:38 SGT" skipped="0">
  <testcase classname="com.dvops.ecommerse_app.eclipse.NewTest" name="checkTitle" time="0.764"/>
  <testcase classname="com.dvops.ecommerse_app.eclipse.NewTest" name="checkId" time="0.742"/>
</testsuite> <!-- com.dvops.ecommerse_app.eclipse.NewTest -->
